<?xml version="1.0" encoding="UTF-8"?>
<!-- Generated by org.testng.reporters.JUnitReportReporter -->
<testsuite hostname="ADMIN-PC" failures="0" tests="5" name="com.actitime.testScript.CustomerModule" time="0.020" errors="0" timestamp="2021-09-16T23:45:17 IST" skipped="1">
  <testcase classname="com.actitime.testScript.CustomerModule" name="createCustomer" time="0.003"/>
  <system-out>
    <![CDATA[createCustomer]]>
  </system-out>
  <testcase classname="com.actitime.testScript.CustomerModule" name="createCustomer" time="0.002"/>
  <system-out>
    <![CDATA[createCustomer]]>
  </system-out>
  <testcase classname="com.actitime.testScript.CustomerModule" name="createCustomer" time="0.013"/>
  <system-out>
    <![CDATA[createCustomer]]>
  </system-out>
  <testcase classname="com.actitime.testScript.CustomerModule" name="modifyCustomer" time="0.002"/>
  <system-out>
    <![CDATA[modifyCustomer]]>
  </system-out>
  <testcase classname="com.actitime.testScript.CustomerModule" name="deleteCustomer">
    <skipped/>
  </testcase> <!-- deleteCustomer -->
  <system-out/>
</testsuite> <!-- com.actitime.testScript.CustomerModule -->
